<?xml version="1.0" encoding="UTF-8"?>
<testng-results ignored="0" total="3" passed="3" failed="0" skipped="0">
  <reporter-output>
  </reporter-output>
  <suite started-at="2024-07-15T04:01:06 IST" name="AutomationTestscripts" finished-at="2024-07-15T04:01:10 IST" duration-ms="4723">
    <groups>
    </groups>
    <test started-at="2024-07-15T04:01:06 IST" name="PracticeTests" finished-at="2024-07-15T04:01:10 IST" duration-ms="4723">
      <class name="testcases.PracticeTest">
        <test-method is-config="true" signature="beforeTest()[pri:0, instance:testcases.PracticeTest@5d2a4eed]" started-at="2024-07-15T04:01:06 IST" name="beforeTest" finished-at="2024-07-15T04:01:09 IST" duration-ms="3604" status="PASS">
          <reporter-output>
          </reporter-output>
        </test-method> <!-- beforeTest -->
        <test-method signature="verifyTitle()[pri:0, instance:testcases.PracticeTest@5d2a4eed]" started-at="2024-07-15T04:01:09 IST" name="verifyTitle" finished-at="2024-07-15T04:01:09 IST" duration-ms="161" status="PASS">
          <reporter-output>
          </reporter-output>
        </test-method> <!-- verifyTitle -->
        <test-method signature="verify_checkBox()[pri:0, instance:testcases.PracticeTest@5d2a4eed]" started-at="2024-07-15T04:01:09 IST" name="verify_checkBox" finished-at="2024-07-15T04:01:10 IST" duration-ms="362" status="PASS">
          <reporter-output>
          </reporter-output>
        </test-method> <!-- verify_checkBox -->
        <test-method signature="verify_popUp()[pri:0, instance:testcases.PracticeTest@5d2a4eed]" started-at="2024-07-15T04:01:10 IST" name="verify_popUp" finished-at="2024-07-15T04:01:10 IST" duration-ms="356" status="PASS">
          <reporter-output>
          </reporter-output>
        </test-method> <!-- verify_popUp -->
        <test-method is-config="true" signature="afterTest()[pri:0, instance:testcases.PracticeTest@5d2a4eed]" started-at="2024-07-15T04:01:10 IST" name="afterTest" finished-at="2024-07-15T04:01:10 IST" duration-ms="194" status="PASS">
          <reporter-output>
          </reporter-output>
        </test-method> <!-- afterTest -->
      </class> <!-- testcases.PracticeTest -->
    </test> <!-- PracticeTests -->
  </suite> <!-- AutomationTestscripts -->
</testng-results>
