<?xml version="1.0" encoding="UTF-8"?>
<testng-results ignored="0" total="3" passed="3" failed="0" skipped="0">
  <reporter-output>
  </reporter-output>
  <suite started-at="2024-07-14T03:45:13 IST" name="Default suite" finished-at="2024-07-14T03:45:18 IST" duration-ms="4836">
    <groups>
    </groups>
    <test started-at="2024-07-14T03:45:13 IST" name="Default test" finished-at="2024-07-14T03:45:18 IST" duration-ms="4836">
      <class name="com.opencart.test.PracticeTest">
        <test-method is-config="true" signature="beforeTest()[pri:0, instance:com.opencart.test.PracticeTest@31aa3ca5]" started-at="2024-07-14T03:45:13 IST" name="beforeTest" finished-at="2024-07-14T03:45:18 IST" duration-ms="4237" status="PASS">
          <reporter-output>
          </reporter-output>
        </test-method> <!-- beforeTest -->
        <test-method signature="verifyRadioBtn()[pri:0, instance:com.opencart.test.PracticeTest@31aa3ca5]" started-at="2024-07-14T03:45:18 IST" name="verifyRadioBtn" finished-at="2024-07-14T03:45:18 IST" duration-ms="198" status="PASS">
          <reporter-output>
          </reporter-output>
        </test-method> <!-- verifyRadioBtn -->
        <test-method signature="verifyTitle()[pri:0, instance:com.opencart.test.PracticeTest@31aa3ca5]" started-at="2024-07-14T03:45:18 IST" name="verifyTitle" finished-at="2024-07-14T03:45:18 IST" duration-ms="12" status="PASS">
          <reporter-output>
          </reporter-output>
        </test-method> <!-- verifyTitle -->
        <test-method signature="verify_dropDown()[pri:0, instance:com.opencart.test.PracticeTest@31aa3ca5]" started-at="2024-07-14T03:45:18 IST" name="verify_dropDown" finished-at="2024-07-14T03:45:18 IST" duration-ms="203" status="PASS">
          <reporter-output>
          </reporter-output>
        </test-method> <!-- verify_dropDown -->
        <test-method is-config="true" signature="afterTest()[pri:0, instance:com.opencart.test.PracticeTest@31aa3ca5]" started-at="2024-07-14T03:45:18 IST" name="afterTest" finished-at="2024-07-14T03:45:18 IST" duration-ms="136" status="PASS">
          <reporter-output>
          </reporter-output>
        </test-method> <!-- afterTest -->
      </class> <!-- com.opencart.test.PracticeTest -->
    </test> <!-- Default test -->
  </suite> <!-- Default suite -->
</testng-results>
