<?xml version="1.0" encoding="UTF-8"?>
<!-- Generated by org.testng.reporters.JUnitXMLReporter -->
<testsuite ignored="6" hostname="LAPTOP-NEB2UBL9" failures="0" tests="3" name="Default test" time="5.032" errors="0" timestamp="2024-07-15T18:20:52 IST">
  <testcase classname="testcases.PracticeTest" name="verify_Title" time="0.161"/>
  <testcase classname="testcases.PracticeTest" name="verify_checkBox" time="0.19"/>
  <testcase classname="testcases.PracticeTest" name="verify_moveElement" time="1.382"/>
  <testcase classname="testcases.PracticeTest" name="verify_openTab" time="0.0">
    <ignored/>
  </testcase> <!-- verify_openTab -->
  <testcase classname="testcases.PracticeTest" name="verify_textbox" time="0.0">
    <ignored/>
  </testcase> <!-- verify_textbox -->
  <testcase classname="testcases.PracticeTest" name="verifyRadioBtn" time="0.0">
    <ignored/>
  </testcase> <!-- verifyRadioBtn -->
  <testcase classname="testcases.PracticeTest" name="verify_openWindow" time="0.0">
    <ignored/>
  </testcase> <!-- verify_openWindow -->
  <testcase classname="testcases.PracticeTest" name="verify_popUp" time="0.0">
    <ignored/>
  </testcase> <!-- verify_popUp -->
  <testcase classname="testcases.PracticeTest" name="verify_dropDown" time="0.0">
    <ignored/>
  </testcase> <!-- verify_dropDown -->
</testsuite> <!-- Default test -->
