<?xml version="1.0" encoding="UTF-8"?>
<!-- Generated by org.testng.reporters.JUnitXMLReporter -->
<testsuite ignored="5" hostname="LAPTOP-NEB2UBL9" failures="0" tests="2" name="PracticeTests" time="4.65" errors="0" timestamp="2024-07-15T03:56:09 IST">
  <testcase classname="testcases.PracticeTest" name="verifyTitle" time="0.158"/>
  <testcase classname="testcases.PracticeTest" name="verify_popUp" time="0.434"/>
  <testcase classname="testcases.PracticeTest" name="verify_openWindow" time="0.0">
    <ignored/>
  </testcase> <!-- verify_openWindow -->
  <testcase classname="testcases.PracticeTest" name="verify_openTab" time="0.0">
    <ignored/>
  </testcase> <!-- verify_openTab -->
  <testcase classname="testcases.PracticeTest" name="verifyRadioBtn" time="0.0">
    <ignored/>
  </testcase> <!-- verifyRadioBtn -->
  <testcase classname="testcases.PracticeTest" name="verify_dropDown" time="0.0">
    <ignored/>
  </testcase> <!-- verify_dropDown -->
  <testcase classname="testcases.PracticeTest" name="verify_checkBox" time="0.0">
    <ignored/>
  </testcase> <!-- verify_checkBox -->
</testsuite> <!-- PracticeTests -->
