<?xml version="1.0" encoding="UTF-8"?>
<!-- Generated by org.testng.reporters.JUnitXMLReporter -->
<testsuite ignored="7" hostname="LAPTOP-NEB2UBL9" failures="0" tests="2" name="ChromeTest" time="6.776" errors="0" timestamp="2024-07-15T19:07:37 IST">
  <testcase classname="testcases.PracticeTest" name="verify_checkBox" time="0.257"/>
  <testcase classname="testcases.PracticeTest" name="verify_moveElement" time="1.473"/>
  <testcase classname="testcases.PracticeTest" name="verify_dropDown" time="0.0">
    <ignored/>
  </testcase> <!-- verify_dropDown -->
  <testcase classname="testcases.PracticeTest" name="verifyRadioBtn" time="0.0">
    <ignored/>
  </testcase> <!-- verifyRadioBtn -->
  <testcase classname="testcases.PracticeTest" name="verify_Title" time="0.0">
    <ignored/>
  </testcase> <!-- verify_Title -->
  <testcase classname="testcases.PracticeTest" name="verify_textbox" time="0.0">
    <ignored/>
  </testcase> <!-- verify_textbox -->
  <testcase classname="testcases.PracticeTest" name="verify_openWindow" time="0.0">
    <ignored/>
  </testcase> <!-- verify_openWindow -->
  <testcase classname="testcases.PracticeTest" name="verify_popUp" time="0.0">
    <ignored/>
  </testcase> <!-- verify_popUp -->
  <testcase classname="testcases.PracticeTest" name="verify_openTab" time="0.0">
    <ignored/>
  </testcase> <!-- verify_openTab -->
</testsuite> <!-- ChromeTest -->
